\BOOKMARK [1][-]{section.1}{\376\377\176\352\213\272}{}% 1
\BOOKMARK [2][-]{subsection.1.1}{\376\377\170\024\172\166\200\314\146\157}{section.1}% 2
\BOOKMARK [2][-]{subsection.1.2}{\376\377\170\024\172\166\227\000\154\102\116\016\141\017\116\111}{section.1}% 3
\BOOKMARK [2][-]{subsection.1.3}{\376\377\136\070\165\050\145\160\143\156\143\026\143\230\217\157\116\366\173\200\116\313}{section.1}% 4
\BOOKMARK [2][-]{subsection.1.4}{\376\377\170\024\172\166\163\260\162\266\123\312\121\166\122\115\146\157}{section.1}% 5
\BOOKMARK [3][-]{subsubsection.1.4.1}{\376\377\155\167\221\317\145\160\143\156\131\004\164\006\166\204\116\073\211\201\145\271\154\325\166\204\170\024\172\166\163\260\162\266}{subsection.1.4}% 6
\BOOKMARK [3][-]{subsubsection.1.4.2}{\376\377\131\047\145\160\143\156\166\204\147\052\147\145\123\321\134\125}{subsection.1.4}% 7
\BOOKMARK [1][-]{section.2}{\376\377\137\002\136\070\150\300\147\345}{}% 8
\BOOKMARK [2][-]{subsection.2.1}{\376\377\171\273\177\244\160\271\150\300\155\113}{section.2}% 9
\BOOKMARK [3][-]{subsubsection.2.1.1}{\376\377\171\273\177\244\160\271\150\300\155\113\145\271\154\325}{subsection.2.1}% 10
\BOOKMARK [3][-]{subsubsection.2.1.2}{\376\377\127\372\116\216\152\041\127\213\166\204\171\273\177\244\160\271\150\300\155\113\145\271\154\325}{subsection.2.1}% 11
\BOOKMARK [3][-]{subsubsection.2.1.3}{\376\377\127\372\116\216\200\132\174\173\166\204\171\273\177\244\160\271\150\300\155\113\145\271\154\325}{subsection.2.1}% 12
\BOOKMARK [1][-]{section.3}{\376\377\121\263\173\126\150\021\173\227\154\325\133\236\163\260\155\101\172\013}{}% 13
\BOOKMARK [2][-]{subsection.3.1}{\376\377\116\300\116\110\146\057\121\263\173\126\150\021\173\227\154\325}{section.3}% 14
\BOOKMARK [2][-]{subsection.3.2}{\376\377\145\160\143\156\121\263\173\126\150\021\131\004\164\006}{section.3}% 15
\BOOKMARK [1][-]{section.4}{\376\377\145\160\143\156\131\004\164\006\127\372\170\100}{}% 16
\BOOKMARK [2][-]{subsection.4.1}{\376\377\123\237\131\313\145\160\143\156\226\306\145\164\164\006\116\016\176\337\213\241}{section.4}% 17
\BOOKMARK [2][-]{subsection.4.2}{\376\377\145\160\143\156\230\204\131\004\164\006\127\372\147\054\145\271\154\325\145\164\164\006}{section.4}% 18
\BOOKMARK [3][-]{subsubsection.4.2.1}{\376\377\145\160\143\156\156\005\155\027}{subsection.4.2}% 19
\BOOKMARK [3][-]{subsubsection.4.2.2}{\376\377\145\160\143\156\226\306\142\020}{subsection.4.2}% 20
\BOOKMARK [3][-]{subsubsection.4.2.3}{\376\377\145\160\143\156\123\330\123\026}{subsection.4.2}% 21
\BOOKMARK [3][-]{subsubsection.4.2.4}{\376\377\145\160\143\156\211\304\176\246}{subsection.4.2}% 22
\BOOKMARK [1][-]{section.5}{\376\377\145\160\143\156\230\204\131\004\164\006\133\236\163\260\123\312\176\323\147\234\122\006\147\220}{}% 23
\BOOKMARK [2][-]{subsection.5.1}{\376\377\145\160\143\156\121\306\131\007}{section.5}% 24
\BOOKMARK [2][-]{subsection.5.2}{\376\377\145\160\143\156\156\005\155\027\040\024\145\160\143\156\226\306\177\072\131\061\120\074\166\204\131\004\164\006}{section.5}% 25
\BOOKMARK [3][-]{subsubsection.5.2.1}{\376\377\000u\000s\000e\000r\145\160\143\156\226\306\116\055\177\072\131\061\120\074\166\204\131\004\164\006\377\032}{subsection.5.2}% 26
\BOOKMARK [3][-]{subsubsection.5.2.2}{\376\377\000\040\136\164\237\204\166\204\131\004\164\006}{subsection.5.2}% 27
\BOOKMARK [3][-]{subsubsection.5.2.3}{\376\377\000\040\121\163\116\216\116\023\116\032\166\204\230\204\131\004\164\006}{subsection.5.2}% 28
\BOOKMARK [2][-]{subsection.5.3}{\376\377\145\160\143\156\123\330\143\142}{section.5}% 29
\BOOKMARK [3][-]{subsubsection.5.3.1}{\376\377\121\163\116\216\232\173\127\060\166\204\166\370\121\163\145\160\143\156\131\004\164\006\123\312\121\263\173\126\150\021\165\037\142\020}{subsection.5.3}% 30
\BOOKMARK [3][-]{subsubsection.5.3.2}{\376\377\121\163\116\216\135\345\171\315\166\204\166\370\121\163\145\160\143\156\131\004\164\006\123\312\121\263\173\126\150\021\165\037\142\020}{subsection.5.3}% 31
\BOOKMARK [1][-]{section.6}{\376\377\133\236\232\214\176\323\147\234\123\312\121\166\122\006\147\220}{}% 32
\BOOKMARK [2][-]{subsection.6.1}{\376\377\145\160\143\156\226\306\147\145\156\220}{section.6}% 33
\BOOKMARK [2][-]{subsection.6.2}{\376\377\136\246\221\317\150\007\121\306}{section.6}% 34
\BOOKMARK [2][-]{subsection.6.3}{\376\377\165\050\142\067\122\006\174\173}{section.6}% 35
\BOOKMARK [3][-]{subsubsection.6.3.1}{\376\377\165\050\142\067\117\341\140\157\176\337\213\241}{subsection.6.3}% 36
\BOOKMARK [2][-]{subsection.6.4}{\376\377\145\160\143\156\230\204\155\113}{section.6}% 37
\BOOKMARK [3][-]{subsubsection.6.4.1}{\376\377\145\160\143\156\230\204\155\113\121\306\131\007}{subsection.6.4}% 38
\BOOKMARK [3][-]{subsubsection.6.4.2}{\376\377\145\160\143\156\230\204\155\113\144\315\117\134}{subsection.6.4}% 39
\BOOKMARK [2][-]{subsection.6.5}{\376\377\133\236\232\214\176\323\147\234\122\006\147\220}{section.6}% 40
\BOOKMARK [1][-]{section.7}{\376\377\176\323\213\272}{}% 41
\BOOKMARK [1][-]{section.7}{\376\377\123\302\200\003\145\207\163\056}{}% 42
\BOOKMARK [1][-]{section*.47}{\376\377\201\364\214\042}{}% 43
\BOOKMARK [1][-]{section*.48}{\376\377\226\104\137\125}{}% 44
